# IPython log file

import matplotlib
matplotlib.use('Agg')
import matplotlib.pyplot as plt
import numpy as np
a = np.random.randn(10000)
plt.hist(a)
#[Out]# (array([   17.,   154.,   702.,  1837.,  2859.,  2557.,  1363.,   430.,
#[Out]#           68.,    13.]), array([-3.6194429 , -2.86965512, -2.11986733, -1.37007955, -0.62029177,
#[Out]#         0.12949601,  0.87928379,  1.62907157,  2.37885935,  3.12864713,
#[Out]#         3.87843491]), <a list of 10 Patch objects>)
plt.savefig('1.3.2/Histogram)
plt.savefig('1.3.2/Histogram')
%logstart -ort 1.3.2/logs/Last_1.3.2.#.log
# Keenan Kalra 1.3.2 IPython log
5 + 3
#[Out]# 8
8/2
#[Out]# 4
8/2.0
#[Out]# 4.0
8.0/2
#[Out]# 4.0
#8.Assignment
student_age = 16
a = 2
a
#[Out]# 2
a * 7 #Multiplication
#[Out]# 14
3 ** a
#[Out]# 9
23 ** 43
#[Out]# 35834136918934220777541995677272642015423987712183913488967L
abs(-7)
#[Out]# 7
%run 1.3.2/Last_1.3.2.py #runs your code from the editor
%run 1.3.2/Last_1.3.2.py #runs your code from the editor
%run 1.3.2/Kalra_1.3.2.py
%run 1.3.2/Kalra_1.3.2.py
%run 1.3.2/Kalra_1.3.2.py
%run 1.3.2/Kalra_1.3.2.py #runs the code from the editor
%logstop
%logstart -ort 1.3.2/logs/Last_1.3.2.1#.log
%logstop
# Wed, 05 Dec 2018 17:40:53
%run 1.3.2/Kalra_1.3.2.py #runs the code from the editor
# Wed, 05 Dec 2018 17:42:21
 %run 1.3.2/Keenna_1.3.2.py
# Wed, 05 Dec 2018 17:42:36
%run 1.3.2/Kalra_1.3.2.py #runs the code from the editor
# Wed, 05 Dec 2018 17:43:53
a = add_tip(20,0.15)\
a
# Wed, 05 Dec 2018 17:44:10
a = add_tip(20, 0.15)
# Wed, 05 Dec 2018 17:44:14
a
#[Out]# 23.0
# Wed, 05 Dec 2018 17:44:20
%logstop
